c:\users\princas\documents\visual studio 2013\projects\audioprocessor\audioprocessor\release\audioprocessor.pch
c:\users\princas\documents\visual studio 2013\projects\audioprocessor\audioprocessor\release\vc120.pdb
c:\users\princas\documents\visual studio 2013\projects\audioprocessor\audioprocessor\release\stdafx.obj
c:\users\princas\documents\visual studio 2013\projects\audioprocessor\audioprocessor\release\audioprocessor.obj
c:\users\princas\documents\visual studio 2013\projects\audioprocessor\audioprocessor\release\assemblyinfo.obj
c:\users\princas\documents\visual studio 2013\projects\audioprocessor\audioprocessor\release\.netframework,version=v4.5.assemblyattributes.obj
c:\users\princas\documents\visual studio 2013\projects\audioprocessor\audioprocessor\release\.netframework,version=v4.0.assemblyattributes.obj
c:\users\princas\documents\visual studio 2013\projects\audioprocessor\audioprocessor\release\audioprocessor.tlog\metagen.write.1.tlog
c:\users\princas\documents\visual studio 2013\projects\audioprocessor\audioprocessor\release\app.res
c:\users\princas\documents\visual studio 2013\projects\audioprocessor\audioprocessor\release\audioprocessor.vcxprojresolveassemblyreference.cache
c:\users\princas\documents\visual studio 2013\projects\audioprocessor\release\audioprocessor.pdb
c:\users\princas\documents\visual studio 2013\projects\audioprocessor\release\audioprocessor.dll
c:\users\princas\documents\visual studio 2013\projects\audioprocessor\audioprocessor\release\audioprocessor.tlog\cl.command.1.tlog
c:\users\princas\documents\visual studio 2013\projects\audioprocessor\audioprocessor\release\audioprocessor.tlog\cl.read.1.tlog
c:\users\princas\documents\visual studio 2013\projects\audioprocessor\audioprocessor\release\audioprocessor.tlog\cl.write.1.tlog
c:\users\princas\documents\visual studio 2013\projects\audioprocessor\audioprocessor\release\audioprocessor.tlog\link.command.1.tlog
c:\users\princas\documents\visual studio 2013\projects\audioprocessor\audioprocessor\release\audioprocessor.tlog\link.read.1.tlog
c:\users\princas\documents\visual studio 2013\projects\audioprocessor\audioprocessor\release\audioprocessor.tlog\link.write.1.tlog
c:\users\princas\documents\visual studio 2013\projects\audioprocessor\audioprocessor\release\audioprocessor.tlog\metagen.read.1.tlog
c:\users\princas\documents\visual studio 2013\projects\audioprocessor\audioprocessor\release\audioprocessor.tlog\rc.command.1.tlog
c:\users\princas\documents\visual studio 2013\projects\audioprocessor\audioprocessor\release\audioprocessor.tlog\rc.read.1.tlog
c:\users\princas\documents\visual studio 2013\projects\audioprocessor\audioprocessor\release\audioprocessor.tlog\rc.write.1.tlog
c:\users\princas\documents\visual studio 2013\projects\audioprocessor\audioprocessor\release\audioprocessor.tlog\system.data.dll.metagen
c:\users\princas\documents\visual studio 2013\projects\audioprocessor\audioprocessor\release\audioprocessor.tlog\system.dll.metagen
c:\users\princas\documents\visual studio 2013\projects\audioprocessor\audioprocessor\release\audioprocessor.tlog\system.xml.dll.metagen
c:\users\princas\documents\visual studio 2013\projects\audioprocessor\audioprocessor\release\audioprocessor.tlog\tzres.dll.bi
