c:\users\princas\documents\visual studio 2013\projects\audioprocessor\audioprocessor\debug\audioprocessor.pch
c:\users\princas\documents\visual studio 2013\projects\audioprocessor\audioprocessor\debug\vc120.pdb
c:\users\princas\documents\visual studio 2013\projects\audioprocessor\audioprocessor\debug\stdafx.obj
c:\users\princas\documents\visual studio 2013\projects\audioprocessor\audioprocessor\debug\audioprocessor.obj
c:\users\princas\documents\visual studio 2013\projects\audioprocessor\audioprocessor\debug\assemblyinfo.obj
c:\users\princas\documents\visual studio 2013\projects\audioprocessor\audioprocessor\debug\.netframework,version=v4.0.assemblyattributes.obj
c:\users\princas\documents\visual studio 2013\projects\audioprocessor\debug\audioprocessor.dll
c:\users\princas\documents\visual studio 2013\projects\audioprocessor\debug\audioprocessor.pdb
c:\users\princas\documents\visual studio 2013\projects\audioprocessor\audioprocessor\debug\app.res
c:\users\princas\documents\visual studio 2013\projects\audioprocessor\audioprocessor\debug\audioprocessor.tlog\cl.command.1.tlog
c:\users\princas\documents\visual studio 2013\projects\audioprocessor\audioprocessor\debug\audioprocessor.tlog\cl.read.1.tlog
c:\users\princas\documents\visual studio 2013\projects\audioprocessor\audioprocessor\debug\audioprocessor.tlog\cl.write.1.tlog
c:\users\princas\documents\visual studio 2013\projects\audioprocessor\audioprocessor\debug\audioprocessor.tlog\link.command.1.tlog
c:\users\princas\documents\visual studio 2013\projects\audioprocessor\audioprocessor\debug\audioprocessor.tlog\link.read.1.tlog
c:\users\princas\documents\visual studio 2013\projects\audioprocessor\audioprocessor\debug\audioprocessor.tlog\link.write.1.tlog
c:\users\princas\documents\visual studio 2013\projects\audioprocessor\audioprocessor\debug\audioprocessor.tlog\metagen.read.1.tlog
c:\users\princas\documents\visual studio 2013\projects\audioprocessor\audioprocessor\debug\audioprocessor.tlog\metagen.write.1.tlog
c:\users\princas\documents\visual studio 2013\projects\audioprocessor\audioprocessor\debug\audioprocessor.tlog\rc.command.1.tlog
c:\users\princas\documents\visual studio 2013\projects\audioprocessor\audioprocessor\debug\audioprocessor.tlog\rc.read.1.tlog
c:\users\princas\documents\visual studio 2013\projects\audioprocessor\audioprocessor\debug\audioprocessor.tlog\rc.write.1.tlog
c:\users\princas\documents\visual studio 2013\projects\audioprocessor\audioprocessor\debug\audioprocessor.tlog\tzres.dll.bi
